Hsap|NP_000088.3|CPOX	100.000	454	0	0	0.0	938	Hsap|NP_000088.3|CPOX
Btau|NP_001179322.1|CPOX	85.651	453	60	1	0.0	792	Btau|NP_001179322.1|CPOX
Bacu|XP_068402979.1|CPOX	87.196	453	47	1	0.0	776	Bacu|XP_068402979.1|CPOX
Tman|XP_036706920.1|CPOX	87.196	453	47	1	0.0	776	Tman|XP_036706920.1|CPOX
Ttru|XP_019778246.1|CPOX	85.120	457	58	2	0.0	774	Ttru|XP_019778246.1|CPOX
Chir|XP_013828052.1|CPOX	85.651	453	60	1	0.0	765	Chir|XP_013828052.1|CPOX
Mfur|XP_004771964.1|CPOX	84.245	457	58	2	0.0	749	Mfur|XP_004771964.1|CPOX
Oros|XP_004391729.1|CPOX	84.211	456	57	3	0.0	747	Oros|XP_004391729.1|CPOX
Zcal|XP_027440834.1|CPOX	83.553	456	60	3	0.0	740	Zcal|XP_027440834.1|CPOX
Lafr|XP_003418986.1|CPOX	85.651	453	53	2	0.0	739	Lafr|XP_003418986.1|CPOX
Uarc|XP_026347574.1|CPOX	84.649	456	55	3	0.0	734	Uarc|XP_026347574.1|CPOX
Clup|XP_038438485.1|CPOX	81.779	461	65	3	0.0	704	Clup|XP_038438485.1|CPOX
Casa|XP_006868664.1|CPOX	89.286	392	41	1	0.0	702	Casa|XP_006868664.1|CPOX
Ecab|XP_023479723.1|CPOX	91.944	360	24	2	0.0	674	Ecab|XP_023479723.1|CPOX
Lcha|XP_014342372.1|CPOX	76.944	360	81	1	0.0	589	Lcha|XP_014342372.1|CPOX
Acar|XP_062830858.1|cpox	83.282	323	54	0	0.0	587	Acar|XP_062830858.1|cpox
Caur|XP_026126598.1|LOC113107972	68.250	400	118	2	0.0	583	Caur|XP_026126598.1|LOC113107972
Caur|XP_026098768.1|LOC113069884	68.000	400	119	2	0.0	575	Caur|XP_026098768.1|LOC113069884
Casa|XP_006835187.1|DSC2	37.500	56	32	1	5.8	33.5	Casa|XP_006835187.1|DSC2
Ecab|XP_070090923.1|CEBPZOS	33.019	106	45	5	6.3	32.3	Ecab|XP_070090923.1|CEBPZOS
Lafr|XP_064142720.1|OBSL1	42.308	52	28	1	9.1	32.7	Lafr|XP_064142720.1|OBSL1
Acar|XP_062825247.1|otof	36.232	69	33	3	9.2	32.7	Acar|XP_062825247.1|otof
